<?xml version="1.0" encoding="UTF-8"?>
<testsuite name="ohtu.verkkokauppa.KauppaTest" tests="8" skipped="0" failures="0" errors="0" timestamp="2020-04-26T16:03:01" hostname="matias-MACH-WX9" time="0.799">
  <properties/>
  <testcase name="pankinMetodiaTilisiirtoKutsutaanOikeillaParametreillaKunOstetaanKahtaEriTuotettaJoistaToisenSaldoNolla" classname="ohtu.verkkokauppa.KauppaTest" time="0.781"/>
  <testcase name="poistaKoristaMetodinKutsuTyhjentaaOstoskorin" classname="ohtu.verkkokauppa.KauppaTest" time="0.002"/>
  <testcase name="ostoksenPaaytyttyaPankinMetodiaTilisiirtoKutsutaanOikeillaParametreilla" classname="ohtu.verkkokauppa.KauppaTest" time="0.002"/>
  <testcase name="pankinMetodiaTilisiirtoKutsutaanOikeillaParametreillaKunOstetaanKahtaSamaaTuotetta" classname="ohtu.verkkokauppa.KauppaTest" time="0.002"/>
  <testcase name="ostoksenPaaytyttyaPankinMetodiaTilisiirtoKutsutaan" classname="ohtu.verkkokauppa.KauppaTest" time="0.002"/>
  <testcase name="metodinAloitaAsiointiKutsuminenNollaaEdellisenOstoksenTiedot" classname="ohtu.verkkokauppa.KauppaTest" time="0.003"/>
  <testcase name="pankinMetodiaTilisiirtoKutsutaanOikeillaParametreillaKunOstetaanKahtaEriTuotetta" classname="ohtu.verkkokauppa.KauppaTest" time="0.002"/>
  <testcase name="uusiViitenumeroJokaiselleMaksutapahtumalle" classname="ohtu.verkkokauppa.KauppaTest" time="0.003"/>
  <system-out><![CDATA[]]></system-out>
  <system-err><![CDATA[]]></system-err>
</testsuite>
